<?xml version="1.0" encoding="UTF-8"?>
<!-- Generated by org.testng.reporters.JUnitReportReporter -->
<testsuite hostname="Ruban" failures="0" tests="4" name="org.test.Test1" time="36.031" errors="0" timestamp="4 Mar 2022 12:03:59 GMT">
  <testcase classname="org.test.Test1" name="tc1" time="2.651"/>
  <testcase classname="org.test.Test1" name="tc1" time="20.599"/>
  <testcase classname="org.test.Test1" name="tc1" time="2.764"/>
  <testcase classname="org.test.Test1" name="tc1" time="10.017"/>
</testsuite> <!-- org.test.Test1 -->
