<?xml version="1.0" encoding="UTF-8"?>
<!-- Generated by org.testng.reporters.JUnitReportReporter -->
<testsuite hostname="Ruban" failures="0" tests="4" name="org.test.Test2" time="25.588" errors="0" timestamp="3 Mar 2022 16:31:18 GMT">
  <testcase classname="org.test.Test2" name="tc1" time="7.736"/>
  <testcase classname="org.test.Test2" name="tc1" time="8.619"/>
  <testcase classname="org.test.Test2" name="tc1" time="4.078"/>
  <testcase classname="org.test.Test2" name="tc1" time="5.155"/>
</testsuite> <!-- org.test.Test2 -->
